<?xml version="1.0" encoding="UTF-8"?>
<!-- Generated by org.testng.reporters.JUnitXMLReporter -->
<testsuite hostname="DESKTOP-38DLNBP" ignored="4" name="Test" tests="2" failures="0" timestamp="09 Dec 2021 14:29:57 GMT" time="37.522" errors="0">
  <testcase name="tc2" time="2.904" classname="org.parameter.SampleProgram"/>
  <testcase name="tc4" time="2.615" classname="org.parameter.SampleProgram1"/>
  <testcase name="tc1" time="0.0" classname="org.parameter.SampleProgram">
    <ignored/>
  </testcase> <!-- tc1 -->
  <testcase name="tc3" time="0.0" classname="org.parameter.SampleProgram1">
    <ignored/>
  </testcase> <!-- tc3 -->
  <testcase name="tc1" time="0.0" classname="org.parameter.SampleProgram1">
    <ignored/>
  </testcase> <!-- tc1 -->
  <testcase name="tc3" time="0.0" classname="org.parameter.SampleProgram">
    <ignored/>
  </testcase> <!-- tc3 -->
</testsuite> <!-- Test -->
